Analysis & Synthesis report for CPU_example
Sun Sep 29 21:54:29 2024
Quartus II 64-Bit Version 15.0.0 Build 145 04/22/2015 SJ Full Version


---------------------
; Table of Contents ;
---------------------
  1. Legal Notice
  2. Analysis & Synthesis Summary
  3. Analysis & Synthesis Settings
  4. Parallel Compilation
  5. Analysis & Synthesis Source Files Read
  6. Analysis & Synthesis Resource Usage Summary
  7. Analysis & Synthesis Resource Utilization by Entity
  8. State Machine - |risc_cpu_with_peripherals|risc_cpu:cpu|state_machine:cpu_sm|state
  9. Registers Removed During Synthesis
 10. General Register Statistics
 11. Parameter Settings for User Entity Instance: risc_cpu:cpu|alu:cpu_alu
 12. Parameter Settings for User Entity Instance: risc_cpu:cpu|state_machine:cpu_sm
 13. Post-Synthesis Netlist Statistics for Top Partition
 14. Elapsed Time Per Partition
 15. Analysis & Synthesis Messages



----------------
; Legal Notice ;
----------------
Copyright (C) 1991-2015 Altera Corporation. All rights reserved.
Your use of Altera Corporation's design tools, logic functions 
and other software and tools, and its AMPP partner logic 
functions, and any output files from any of the foregoing 
(including device programming or simulation files), and any 
associated documentation or information are expressly subject 
to the terms and conditions of the Altera Program License 
Subscription Agreement, the Altera Quartus II License Agreement,
the Altera MegaCore Function License Agreement, or other 
applicable license agreement, including, without limitation, 
that your use is for the sole purpose of programming logic 
devices manufactured by Altera and sold by Altera or its 
authorized distributors.  Please refer to the applicable 
agreement for further details.



+----------------------------------------------------------------------------------+
; Analysis & Synthesis Summary                                                     ;
+------------------------------------+---------------------------------------------+
; Analysis & Synthesis Status        ; Successful - Sun Sep 29 21:54:29 2024       ;
; Quartus II 64-Bit Version          ; 15.0.0 Build 145 04/22/2015 SJ Full Version ;
; Revision Name                      ; CPU_example                                 ;
; Top-level Entity Name              ; risc_cpu_with_peripherals                   ;
; Family                             ; MAX 10                                      ;
; Total logic elements               ; 0                                           ;
;     Total combinational functions  ; 0                                           ;
;     Dedicated logic registers      ; 0                                           ;
; Total registers                    ; 0                                           ;
; Total pins                         ; 2                                           ;
; Total virtual pins                 ; 0                                           ;
; Total memory bits                  ; 0                                           ;
; Embedded Multiplier 9-bit elements ; 0                                           ;
; Total PLLs                         ; 0                                           ;
; UFM blocks                         ; 0                                           ;
; ADC blocks                         ; 0                                           ;
+------------------------------------+---------------------------------------------+


+-----------------------------------------------------------------------------------------------------------------------------+
; Analysis & Synthesis Settings                                                                                               ;
+----------------------------------------------------------------------------+---------------------------+--------------------+
; Option                                                                     ; Setting                   ; Default Value      ;
+----------------------------------------------------------------------------+---------------------------+--------------------+
; Device                                                                     ; 10M08DAF484C8G            ;                    ;
; Top-level entity name                                                      ; risc_cpu_with_peripherals ; CPU_example        ;
; Family name                                                                ; MAX 10                    ; Cyclone V          ;
; Use smart compilation                                                      ; Off                       ; Off                ;
; Enable parallel Assembler and TimeQuest Timing Analyzer during compilation ; On                        ; On                 ;
; Enable compact report table                                                ; Off                       ; Off                ;
; Restructure Multiplexers                                                   ; Auto                      ; Auto               ;
; Create Debugging Nodes for IP Cores                                        ; Off                       ; Off                ;
; Preserve fewer node names                                                  ; On                        ; On                 ;
; Disable OpenCore Plus hardware evaluation                                  ; Off                       ; Off                ;
; Verilog Version                                                            ; Verilog_2001              ; Verilog_2001       ;
; VHDL Version                                                               ; VHDL_1993                 ; VHDL_1993          ;
; State Machine Processing                                                   ; Auto                      ; Auto               ;
; Safe State Machine                                                         ; Off                       ; Off                ;
; Extract Verilog State Machines                                             ; On                        ; On                 ;
; Extract VHDL State Machines                                                ; On                        ; On                 ;
; Ignore Verilog initial constructs                                          ; Off                       ; Off                ;
; Iteration limit for constant Verilog loops                                 ; 5000                      ; 5000               ;
; Iteration limit for non-constant Verilog loops                             ; 250                       ; 250                ;
; Add Pass-Through Logic to Inferred RAMs                                    ; On                        ; On                 ;
; Infer RAMs from Raw Logic                                                  ; On                        ; On                 ;
; Parallel Synthesis                                                         ; On                        ; On                 ;
; DSP Block Balancing                                                        ; Auto                      ; Auto               ;
; NOT Gate Push-Back                                                         ; On                        ; On                 ;
; Power-Up Don't Care                                                        ; On                        ; On                 ;
; Remove Redundant Logic Cells                                               ; Off                       ; Off                ;
; Remove Duplicate Registers                                                 ; On                        ; On                 ;
; Ignore CARRY Buffers                                                       ; Off                       ; Off                ;
; Ignore CASCADE Buffers                                                     ; Off                       ; Off                ;
; Ignore GLOBAL Buffers                                                      ; Off                       ; Off                ;
; Ignore ROW GLOBAL Buffers                                                  ; Off                       ; Off                ;
; Ignore LCELL Buffers                                                       ; Off                       ; Off                ;
; Ignore SOFT Buffers                                                        ; On                        ; On                 ;
; Limit AHDL Integers to 32 Bits                                             ; Off                       ; Off                ;
; Optimization Technique                                                     ; Balanced                  ; Balanced           ;
; Carry Chain Length                                                         ; 70                        ; 70                 ;
; Auto Carry Chains                                                          ; On                        ; On                 ;
; Auto Open-Drain Pins                                                       ; On                        ; On                 ;
; Perform WYSIWYG Primitive Resynthesis                                      ; Off                       ; Off                ;
; Auto ROM Replacement                                                       ; On                        ; On                 ;
; Auto RAM Replacement                                                       ; On                        ; On                 ;
; Auto DSP Block Replacement                                                 ; On                        ; On                 ;
; Auto Shift Register Replacement                                            ; Auto                      ; Auto               ;
; Allow Shift Register Merging across Hierarchies                            ; Auto                      ; Auto               ;
; Auto Clock Enable Replacement                                              ; On                        ; On                 ;
; Strict RAM Replacement                                                     ; Off                       ; Off                ;
; Allow Synchronous Control Signals                                          ; On                        ; On                 ;
; Force Use of Synchronous Clear Signals                                     ; Off                       ; Off                ;
; Auto RAM Block Balancing                                                   ; On                        ; On                 ;
; Auto RAM to Logic Cell Conversion                                          ; Off                       ; Off                ;
; Auto Resource Sharing                                                      ; Off                       ; Off                ;
; Allow Any RAM Size For Recognition                                         ; Off                       ; Off                ;
; Allow Any ROM Size For Recognition                                         ; Off                       ; Off                ;
; Allow Any Shift Register Size For Recognition                              ; Off                       ; Off                ;
; Use LogicLock Constraints during Resource Balancing                        ; On                        ; On                 ;
; Ignore translate_off and synthesis_off directives                          ; Off                       ; Off                ;
; Timing-Driven Synthesis                                                    ; On                        ; On                 ;
; Report Parameter Settings                                                  ; On                        ; On                 ;
; Report Source Assignments                                                  ; On                        ; On                 ;
; Report Connectivity Checks                                                 ; On                        ; On                 ;
; Ignore Maximum Fan-Out Assignments                                         ; Off                       ; Off                ;
; Synchronization Register Chain Length                                      ; 2                         ; 2                  ;
; PowerPlay Power Optimization During Synthesis                              ; Normal compilation        ; Normal compilation ;
; HDL message level                                                          ; Level2                    ; Level2             ;
; Suppress Register Optimization Related Messages                            ; Off                       ; Off                ;
; Number of Removed Registers Reported in Synthesis Report                   ; 5000                      ; 5000               ;
; Number of Swept Nodes Reported in Synthesis Report                         ; 5000                      ; 5000               ;
; Number of Inverted Registers Reported in Synthesis Report                  ; 100                       ; 100                ;
; Clock MUX Protection                                                       ; On                        ; On                 ;
; Auto Gated Clock Conversion                                                ; Off                       ; Off                ;
; Block Design Naming                                                        ; Auto                      ; Auto               ;
; SDC constraint protection                                                  ; Off                       ; Off                ;
; Synthesis Effort                                                           ; Auto                      ; Auto               ;
; Shift Register Replacement - Allow Asynchronous Clear Signal               ; On                        ; On                 ;
; Pre-Mapping Resynthesis Optimization                                       ; Off                       ; Off                ;
; Analysis & Synthesis Message Level                                         ; Medium                    ; Medium             ;
; Disable Register Merging Across Hierarchies                                ; Auto                      ; Auto               ;
; Resource Aware Inference For Block RAM                                     ; On                        ; On                 ;
; Synthesis Seed                                                             ; 1                         ; 1                  ;
+----------------------------------------------------------------------------+---------------------------+--------------------+


+------------------------------------------+
; Parallel Compilation                     ;
+----------------------------+-------------+
; Processors                 ; Number      ;
+----------------------------+-------------+
; Number detected on machine ; 20          ;
; Maximum allowed            ; 14          ;
;                            ;             ;
; Average used               ; 1.00        ;
; Maximum used               ; 1           ;
;                            ;             ;
; Usage by Processor         ; % Time Used ;
;     Processor 1            ; 100.0%      ;
;     Processors 2-20        ;   0.0%      ;
+----------------------------+-------------+


+---------------------------------------------------------------------------------------------------------------------------------------------------------------------------------------------------------------------+
; Analysis & Synthesis Source Files Read                                                                                                                                                                              ;
+----------------------------------+-----------------+------------------------+-----------------------------------------------------------------------------------------------------------------------------+---------+
; File Name with User-Entered Path ; Used in Netlist ; File Type              ; File Name with Absolute Path                                                                                                ; Library ;
+----------------------------------+-----------------+------------------------+-----------------------------------------------------------------------------------------------------------------------------+---------+
; src/address_decoder.v            ; yes             ; User Verilog HDL File  ; C:/Users/TrWyFowrd/Desktop/Box/learning/learning_verilog/example/others/cpu/Simple-RISC-CPU/src/address_decoder.v           ;         ;
; src/risc_cpu_with_peripherals.v  ; yes             ; User Verilog HDL File  ; C:/Users/TrWyFowrd/Desktop/Box/learning/learning_verilog/example/others/cpu/Simple-RISC-CPU/src/risc_cpu_with_peripherals.v ;         ;
; src/rom.v                        ; yes             ; User Verilog HDL File  ; C:/Users/TrWyFowrd/Desktop/Box/learning/learning_verilog/example/others/cpu/Simple-RISC-CPU/src/rom.v                       ;         ;
; src/ram.v                        ; yes             ; User Verilog HDL File  ; C:/Users/TrWyFowrd/Desktop/Box/learning/learning_verilog/example/others/cpu/Simple-RISC-CPU/src/ram.v                       ;         ;
; src/state_machine.v              ; yes             ; User Verilog HDL File  ; C:/Users/TrWyFowrd/Desktop/Box/learning/learning_verilog/example/others/cpu/Simple-RISC-CPU/src/state_machine.v             ;         ;
; src/risc_cpu.v                   ; yes             ; User Verilog HDL File  ; C:/Users/TrWyFowrd/Desktop/Box/learning/learning_verilog/example/others/cpu/Simple-RISC-CPU/src/risc_cpu.v                  ;         ;
; src/program_counter.v            ; yes             ; User Verilog HDL File  ; C:/Users/TrWyFowrd/Desktop/Box/learning/learning_verilog/example/others/cpu/Simple-RISC-CPU/src/program_counter.v           ;         ;
; src/instruction_register.v       ; yes             ; User Verilog HDL File  ; C:/Users/TrWyFowrd/Desktop/Box/learning/learning_verilog/example/others/cpu/Simple-RISC-CPU/src/instruction_register.v      ;         ;
; src/data_controller.v            ; yes             ; User Verilog HDL File  ; C:/Users/TrWyFowrd/Desktop/Box/learning/learning_verilog/example/others/cpu/Simple-RISC-CPU/src/data_controller.v           ;         ;
; src/alu.v                        ; yes             ; User Verilog HDL File  ; C:/Users/TrWyFowrd/Desktop/Box/learning/learning_verilog/example/others/cpu/Simple-RISC-CPU/src/alu.v                       ;         ;
; src/address_multiplexer.v        ; yes             ; User Verilog HDL File  ; C:/Users/TrWyFowrd/Desktop/Box/learning/learning_verilog/example/others/cpu/Simple-RISC-CPU/src/address_multiplexer.v       ;         ;
; src/accumulator.v                ; yes             ; User Verilog HDL File  ; C:/Users/TrWyFowrd/Desktop/Box/learning/learning_verilog/example/others/cpu/Simple-RISC-CPU/src/accumulator.v               ;         ;
+----------------------------------+-----------------+------------------------+-----------------------------------------------------------------------------------------------------------------------------+---------+


+-----------------------------------------------------+
; Analysis & Synthesis Resource Usage Summary         ;
+---------------------------------------------+-------+
; Resource                                    ; Usage ;
+---------------------------------------------+-------+
;                                             ;       ;
; Total combinational functions               ; 0     ;
; Logic element usage by number of LUT inputs ;       ;
;     -- 4 input functions                    ; 0     ;
;     -- 3 input functions                    ; 0     ;
;     -- <=2 input functions                  ; 0     ;
;                                             ;       ;
; Logic elements by mode                      ;       ;
;     -- normal mode                          ; 0     ;
;     -- arithmetic mode                      ; 0     ;
;                                             ;       ;
; Total registers                             ; 0     ;
;     -- Dedicated logic registers            ; 0     ;
;     -- I/O registers                        ; 0     ;
;                                             ;       ;
; I/O pins                                    ; 2     ;
;                                             ;       ;
; Embedded Multiplier 9-bit elements          ; 0     ;
;                                             ;       ;
; Maximum fan-out node                        ; clk   ;
; Maximum fan-out                             ; 1     ;
; Total fan-out                               ; 2     ;
; Average fan-out                             ; 0.50  ;
+---------------------------------------------+-------+


+--------------------------------------------------------------------------------------------------------------------------------------------------------------------------------------------------------------+
; Analysis & Synthesis Resource Utilization by Entity                                                                                                                                                          ;
+----------------------------+-------------------+--------------+-------------+------------+--------------+---------+-----------+------+--------------+------------+----------------------------+--------------+
; Compilation Hierarchy Node ; LC Combinationals ; LC Registers ; Memory Bits ; UFM Blocks ; DSP Elements ; DSP 9x9 ; DSP 18x18 ; Pins ; Virtual Pins ; ADC blocks ; Full Hierarchy Name        ; Library Name ;
+----------------------------+-------------------+--------------+-------------+------------+--------------+---------+-----------+------+--------------+------------+----------------------------+--------------+
; |risc_cpu_with_peripherals ; 0 (0)             ; 0 (0)        ; 0           ; 0          ; 0            ; 0       ; 0         ; 2    ; 0            ; 0          ; |risc_cpu_with_peripherals ; work         ;
+----------------------------+-------------------+--------------+-------------+------------+--------------+---------+-----------+------+--------------+------------+----------------------------+--------------+
Note: For table entries with two numbers listed, the numbers in parentheses indicate the number of resources of the given type used by the specific entity alone. The numbers listed outside of parentheses indicate the total resources of the given type used by the specific entity and all of its sub-entities in the hierarchy.


Encoding Type:  One-Hot
+-----------------------------------------------------------------------------------------------------------------+
; State Machine - |risc_cpu_with_peripherals|risc_cpu:cpu|state_machine:cpu_sm|state                              ;
+------------+------------+----------+----------+----------+----------+----------+----------+----------+----------+
; Name       ; state.IDLE ; state.S8 ; state.S7 ; state.S6 ; state.S5 ; state.S4 ; state.S3 ; state.S2 ; state.S1 ;
+------------+------------+----------+----------+----------+----------+----------+----------+----------+----------+
; state.IDLE ; 0          ; 0        ; 0        ; 0        ; 0        ; 0        ; 0        ; 0        ; 0        ;
; state.S1   ; 1          ; 0        ; 0        ; 0        ; 0        ; 0        ; 0        ; 0        ; 1        ;
; state.S2   ; 1          ; 0        ; 0        ; 0        ; 0        ; 0        ; 0        ; 1        ; 0        ;
; state.S3   ; 1          ; 0        ; 0        ; 0        ; 0        ; 0        ; 1        ; 0        ; 0        ;
; state.S4   ; 1          ; 0        ; 0        ; 0        ; 0        ; 1        ; 0        ; 0        ; 0        ;
; state.S5   ; 1          ; 0        ; 0        ; 0        ; 1        ; 0        ; 0        ; 0        ; 0        ;
; state.S6   ; 1          ; 0        ; 0        ; 1        ; 0        ; 0        ; 0        ; 0        ; 0        ;
; state.S7   ; 1          ; 0        ; 1        ; 0        ; 0        ; 0        ; 0        ; 0        ; 0        ;
; state.S8   ; 1          ; 1        ; 0        ; 0        ; 0        ; 0        ; 0        ; 0        ; 0        ;
+------------+------------+----------+----------+----------+----------+----------+----------+----------+----------+


+-------------------------------------------------------------------+
; Registers Removed During Synthesis                                ;
+----------------------------------------------+--------------------+
; Register name                                ; Reason for Removal ;
+----------------------------------------------+--------------------+
; risc_cpu:cpu|state_machine:cpu_sm|state.S1   ; Lost fanout        ;
; risc_cpu:cpu|state_machine:cpu_sm|state.S2   ; Lost fanout        ;
; risc_cpu:cpu|state_machine:cpu_sm|state.S3   ; Lost fanout        ;
; risc_cpu:cpu|state_machine:cpu_sm|state.S4   ; Lost fanout        ;
; risc_cpu:cpu|state_machine:cpu_sm|state.S5   ; Lost fanout        ;
; risc_cpu:cpu|state_machine:cpu_sm|state.S6   ; Lost fanout        ;
; risc_cpu:cpu|state_machine:cpu_sm|state.S7   ; Lost fanout        ;
; risc_cpu:cpu|state_machine:cpu_sm|state.S8   ; Lost fanout        ;
; risc_cpu:cpu|state_machine:cpu_sm|state.IDLE ; Lost fanout        ;
; Total Number of Removed Registers = 9        ;                    ;
+----------------------------------------------+--------------------+


+------------------------------------------------------+
; General Register Statistics                          ;
+----------------------------------------------+-------+
; Statistic                                    ; Value ;
+----------------------------------------------+-------+
; Total registers                              ; 0     ;
; Number of registers using Synchronous Clear  ; 0     ;
; Number of registers using Synchronous Load   ; 0     ;
; Number of registers using Asynchronous Clear ; 0     ;
; Number of registers using Asynchronous Load  ; 0     ;
; Number of registers using Clock Enable       ; 0     ;
; Number of registers using Preset             ; 0     ;
+----------------------------------------------+-------+


+-----------------------------------------------------------------------+
; Parameter Settings for User Entity Instance: risc_cpu:cpu|alu:cpu_alu ;
+----------------+-------+----------------------------------------------+
; Parameter Name ; Value ; Type                                         ;
+----------------+-------+----------------------------------------------+
; MOV            ; 000   ; Unsigned Binary                              ;
; SKZ            ; 001   ; Unsigned Binary                              ;
; ADD            ; 010   ; Unsigned Binary                              ;
; AND            ; 011   ; Unsigned Binary                              ;
; XOR            ; 100   ; Unsigned Binary                              ;
; LDA            ; 101   ; Unsigned Binary                              ;
; STO            ; 110   ; Unsigned Binary                              ;
; JMP            ; 111   ; Unsigned Binary                              ;
+----------------+-------+----------------------------------------------+
Note: In order to hide this table in the UI and the text report file, please set the "Show Parameter Settings in Synthesis Report" option in "Analysis and Synthesis Settings -> More Settings" to "Off".


+--------------------------------------------------------------------------------+
; Parameter Settings for User Entity Instance: risc_cpu:cpu|state_machine:cpu_sm ;
+----------------+----------+----------------------------------------------------+
; Parameter Name ; Value    ; Type                                               ;
+----------------+----------+----------------------------------------------------+
; MOV            ; 000      ; Unsigned Binary                                    ;
; SKZ            ; 001      ; Unsigned Binary                                    ;
; ADD            ; 010      ; Unsigned Binary                                    ;
; AND            ; 011      ; Unsigned Binary                                    ;
; XOR            ; 100      ; Unsigned Binary                                    ;
; LDA            ; 101      ; Unsigned Binary                                    ;
; STO            ; 110      ; Unsigned Binary                                    ;
; JMP            ; 111      ; Unsigned Binary                                    ;
; IDLE           ; 00000000 ; Unsigned Binary                                    ;
; S1             ; 00000001 ; Unsigned Binary                                    ;
; S2             ; 00000010 ; Unsigned Binary                                    ;
; S3             ; 00000100 ; Unsigned Binary                                    ;
; S4             ; 00001000 ; Unsigned Binary                                    ;
; S5             ; 00010000 ; Unsigned Binary                                    ;
; S6             ; 00100000 ; Unsigned Binary                                    ;
; S7             ; 01000000 ; Unsigned Binary                                    ;
; S8             ; 10000000 ; Unsigned Binary                                    ;
+----------------+----------+----------------------------------------------------+
Note: In order to hide this table in the UI and the text report file, please set the "Show Parameter Settings in Synthesis Report" option in "Analysis and Synthesis Settings -> More Settings" to "Off".


+-----------------------------------------------------+
; Post-Synthesis Netlist Statistics for Top Partition ;
+-------------------+---------------------------------+
; Type              ; Count                           ;
+-------------------+---------------------------------+
; boundary_port     ; 2                               ;
;                   ;                                 ;
; Max LUT depth     ; 0.00                            ;
; Average LUT depth ; 0.00                            ;
+-------------------+---------------------------------+


+-------------------------------+
; Elapsed Time Per Partition    ;
+----------------+--------------+
; Partition Name ; Elapsed Time ;
+----------------+--------------+
; Top            ; 00:00:00     ;
+----------------+--------------+


+-------------------------------+
; Analysis & Synthesis Messages ;
+-------------------------------+
Info: *******************************************************************
Info: Running Quartus II 64-Bit Analysis & Synthesis
    Info: Version 15.0.0 Build 145 04/22/2015 SJ Full Version
    Info: Processing started: Sun Sep 29 21:54:22 2024
Info: Command: quartus_map --read_settings_files=on --write_settings_files=off CPU_example -c CPU_example
Info (11104): Parallel Compilation has detected 20 hyper-threaded processors. However, the extra hyper-threaded processors will not be used by default. Parallel Compilation will use 14 of the 14 physical processors detected instead.
Info (12021): Found 1 design units, including 1 entities, in source file src/address_decoder.v
    Info (12023): Found entity 1: address_decoder
Info (12021): Found 1 design units, including 1 entities, in source file src/risc_cpu_with_peripherals.v
    Info (12023): Found entity 1: risc_cpu_with_peripherals
Info (12021): Found 1 design units, including 1 entities, in source file src/rom.v
    Info (12023): Found entity 1: rom
Info (12021): Found 1 design units, including 1 entities, in source file src/ram.v
    Info (12023): Found entity 1: ram
Info (12021): Found 1 design units, including 1 entities, in source file tb/risc_cpu_tb.v
    Info (12023): Found entity 1: risc_cpu_tb
Info (12021): Found 1 design units, including 1 entities, in source file src/state_machine.v
    Info (12023): Found entity 1: state_machine
Info (12021): Found 1 design units, including 1 entities, in source file src/risc_cpu.v
    Info (12023): Found entity 1: risc_cpu
Info (12021): Found 1 design units, including 1 entities, in source file src/program_counter.v
    Info (12023): Found entity 1: program_counter
Info (12021): Found 1 design units, including 1 entities, in source file src/instruction_register.v
    Info (12023): Found entity 1: instruction_register
Info (12021): Found 1 design units, including 1 entities, in source file src/data_controller.v
    Info (12023): Found entity 1: data_controller
Info (12021): Found 1 design units, including 1 entities, in source file src/alu.v
    Info (12023): Found entity 1: alu
Info (12021): Found 1 design units, including 1 entities, in source file src/address_multiplexer.v
    Info (12023): Found entity 1: address_multiplexer
Info (12021): Found 1 design units, including 1 entities, in source file src/accumulator.v
    Info (12023): Found entity 1: accumulator
Warning (10236): Verilog HDL Implicit Net warning at risc_cpu.v(88): created implicit net for "fetch"
Info (12127): Elaborating entity "risc_cpu_with_peripherals" for the top level hierarchy
Info (12128): Elaborating entity "risc_cpu" for hierarchy "risc_cpu:cpu"
Info (12128): Elaborating entity "program_counter" for hierarchy "risc_cpu:cpu|program_counter:cpu_pc"
Info (12128): Elaborating entity "instruction_register" for hierarchy "risc_cpu:cpu|instruction_register:cpu_ir"
Info (12128): Elaborating entity "accumulator" for hierarchy "risc_cpu:cpu|accumulator:cpu_accu"
Info (12128): Elaborating entity "alu" for hierarchy "risc_cpu:cpu|alu:cpu_alu"
Info (12128): Elaborating entity "state_machine" for hierarchy "risc_cpu:cpu|state_machine:cpu_sm"
Info (10264): Verilog HDL Case Statement information at state_machine.v(95): all case item expressions in this case statement are onehot
Info (12128): Elaborating entity "data_controller" for hierarchy "risc_cpu:cpu|data_controller:cpu_dc"
Info (12128): Elaborating entity "address_multiplexer" for hierarchy "risc_cpu:cpu|address_multiplexer:cpu_am"
Info (12128): Elaborating entity "ram" for hierarchy "ram:ram"
Info (12128): Elaborating entity "rom" for hierarchy "rom:rom"
Warning (10858): Verilog HDL warning at rom.v(14): object mem used but never assigned
Info (12128): Elaborating entity "address_decoder" for hierarchy "address_decoder:address_decoder"
Info (17049): 9 registers lost all their fanouts during netlist optimizations.
Info (16010): Generating hard_block partition "hard_block:auto_generated_inst"
    Info (16011): Adding 0 node(s), including 0 DDIO, 0 PLL, 0 transceiver and 0 LCELL
Warning (21074): Design contains 2 input pin(s) that do not drive logic
    Warning (15610): No output dependent on input pin "clk"
    Warning (15610): No output dependent on input pin "rst_n"
Info (21057): Implemented 2 device resources after synthesis - the final resource count might be different
    Info (21058): Implemented 2 input pins
    Info (21059): Implemented 0 output pins
Info: Quartus II 64-Bit Analysis & Synthesis was successful. 0 errors, 5 warnings
    Info: Peak virtual memory: 4807 megabytes
    Info: Processing ended: Sun Sep 29 21:54:29 2024
    Info: Elapsed time: 00:00:07
    Info: Total CPU time (on all processors): 00:00:03


