Flow report for CPU_example
Thu Sep 26 02:49:32 2024
Quartus II 64-Bit Version 15.0.0 Build 145 04/22/2015 SJ Full Version


---------------------
; Table of Contents ;
---------------------
  1. Legal Notice
  2. Flow Summary
  3. Flow Settings
  4. Flow Non-Default Global Settings
  5. Flow Elapsed Time
  6. Flow OS Summary
  7. Flow Log
  8. Flow Messages
  9. Flow Suppressed Messages



----------------
; Legal Notice ;
----------------
Copyright (C) 1991-2015 Altera Corporation. All rights reserved.
Your use of Altera Corporation's design tools, logic functions 
and other software and tools, and its AMPP partner logic 
functions, and any output files from any of the foregoing 
(including device programming or simulation files), and any 
associated documentation or information are expressly subject 
to the terms and conditions of the Altera Program License 
Subscription Agreement, the Altera Quartus II License Agreement,
the Altera MegaCore Function License Agreement, or other 
applicable license agreement, including, without limitation, 
that your use is for the sole purpose of programming logic 
devices manufactured by Altera and sold by Altera or its 
authorized distributors.  Please refer to the applicable 
agreement for further details.



+----------------------------------------------------------------------------------+
; Flow Summary                                                                     ;
+------------------------------------+---------------------------------------------+
; Flow Status                        ; Successful - Thu Sep 26 02:49:32 2024       ;
; Quartus II 64-Bit Version          ; 15.0.0 Build 145 04/22/2015 SJ Full Version ;
; Revision Name                      ; CPU_example                                 ;
; Top-level Entity Name              ; risc_cpu_with_prepherals                    ;
; Family                             ; MAX 10                                      ;
; Device                             ; 10M08DAF484C8G                              ;
; Timing Models                      ; Preliminary                                 ;
; Total logic elements               ; 1 / 8,064 ( < 1 % )                         ;
;     Total combinational functions  ; 1 / 8,064 ( < 1 % )                         ;
;     Dedicated logic registers      ; 0 / 8,064 ( 0 % )                           ;
; Total registers                    ; 0                                           ;
; Total pins                         ; 2 / 250 ( < 1 % )                           ;
; Total virtual pins                 ; 0                                           ;
; Total memory bits                  ; 0 / 387,072 ( 0 % )                         ;
; Embedded Multiplier 9-bit elements ; 0 / 48 ( 0 % )                              ;
; Total PLLs                         ; 0 / 2 ( 0 % )                               ;
; UFM blocks                         ; 0 / 1 ( 0 % )                               ;
; ADC blocks                         ; 0 / 1 ( 0 % )                               ;
+------------------------------------+---------------------------------------------+


+-----------------------------------------+
; Flow Settings                           ;
+-------------------+---------------------+
; Option            ; Setting             ;
+-------------------+---------------------+
; Start date & time ; 09/26/2024 02:49:14 ;
; Main task         ; Compilation         ;
; Revision Name     ; CPU_example         ;
+-------------------+---------------------+


+---------------------------------------------------------------------------------------------------------------------------------------------------+
; Flow Non-Default Global Settings                                                                                                                  ;
+--------------------------------------+---------------------------------------+---------------+--------------------------+-------------------------+
; Assignment Name                      ; Value                                 ; Default Value ; Entity Name              ; Section Id              ;
+--------------------------------------+---------------------------------------+---------------+--------------------------+-------------------------+
; COMPILER_SIGNATURE_ID                ; 238300920170145.172729015421008       ; --            ; --                       ; --                      ;
; EDA_DESIGN_INSTANCE_NAME             ; NA                                    ; --            ; --                       ; risc_cpu_tb             ;
; EDA_GENERATE_FUNCTIONAL_NETLIST      ; Off                                   ; --            ; --                       ; eda_formal_verification ;
; EDA_NATIVELINK_SIMULATION_TEST_BENCH ; risc_cpu_tb                           ; --            ; --                       ; eda_simulation          ;
; EDA_OUTPUT_DATA_FORMAT               ; Verilog Hdl                           ; --            ; --                       ; eda_simulation          ;
; EDA_SIMULATION_TOOL                  ; ModelSim (Verilog)                    ; <None>        ; --                       ; --                      ;
; EDA_TEST_BENCH_ENABLE_STATUS         ; TEST_BENCH_MODE                       ; --            ; --                       ; eda_simulation          ;
; EDA_TEST_BENCH_FILE                  ; tb/risc_cpu_tb.v                      ; --            ; --                       ; risc_cpu_tb             ;
; EDA_TEST_BENCH_MODULE_NAME           ; risc_cpu_tb                           ; --            ; --                       ; risc_cpu_tb             ;
; EDA_TEST_BENCH_NAME                  ; risc_cpu_tb                           ; --            ; --                       ; eda_simulation          ;
; EDA_TIME_SCALE                       ; 1 ps                                  ; --            ; --                       ; eda_simulation          ;
; MAX_CORE_JUNCTION_TEMP               ; 85                                    ; --            ; --                       ; --                      ;
; MIN_CORE_JUNCTION_TEMP               ; 0                                     ; --            ; --                       ; --                      ;
; PARTITION_COLOR                      ; 16764057                              ; --            ; risc_cpu_with_prepherals ; Top                     ;
; PARTITION_FITTER_PRESERVATION_LEVEL  ; PLACEMENT_AND_ROUTING                 ; --            ; risc_cpu_with_prepherals ; Top                     ;
; PARTITION_NETLIST_TYPE               ; SOURCE                                ; --            ; risc_cpu_with_prepherals ; Top                     ;
; POWER_BOARD_THERMAL_MODEL            ; None (CONSERVATIVE)                   ; --            ; --                       ; --                      ;
; POWER_PRESET_COOLING_SOLUTION        ; 23 MM HEAT SINK WITH 200 LFPM AIRFLOW ; --            ; --                       ; --                      ;
; PROJECT_OUTPUT_DIRECTORY             ; output_files                          ; --            ; --                       ; --                      ;
; TOP_LEVEL_ENTITY                     ; risc_cpu_with_prepherals              ; CPU_example   ; --                       ; --                      ;
+--------------------------------------+---------------------------------------+---------------+--------------------------+-------------------------+


+--------------------------------------------------------------------------------------------------------------------------+
; Flow Elapsed Time                                                                                                        ;
+----------------------+--------------+-------------------------+---------------------+------------------------------------+
; Module Name          ; Elapsed Time ; Average Processors Used ; Peak Virtual Memory ; Total CPU Time (on all processors) ;
+----------------------+--------------+-------------------------+---------------------+------------------------------------+
; Analysis & Synthesis ; 00:00:09     ; 1.0                     ; 4792 MB             ; 00:00:07                           ;
; Fitter               ; 00:00:04     ; 5.3                     ; 6436 MB             ; 00:00:01                           ;
; Total                ; 00:00:13     ; --                      ; --                  ; 00:00:08                           ;
+----------------------+--------------+-------------------------+---------------------+------------------------------------+


+-------------------------------------------------------------------------------------+
; Flow OS Summary                                                                     ;
+----------------------+--------------------+-----------+------------+----------------+
; Module Name          ; Machine Hostname   ; OS Name   ; OS Version ; Processor type ;
+----------------------+--------------------+-----------+------------+----------------+
; Analysis & Synthesis ; MSI-GS66-TrWyFowrd ; Windows 7 ; 6.2        ; x86_64         ;
; Fitter               ; MSI-GS66-TrWyFowrd ; Windows 7 ; 6.2        ; x86_64         ;
+----------------------+--------------------+-----------+------------+----------------+


------------
; Flow Log ;
------------
quartus_map --read_settings_files=on --write_settings_files=off CPU_example -c CPU_example
quartus_fit --read_settings_files=off --write_settings_files=off CPU_example -c CPU_example



